putusan_1013_k_pid.sus_2026_20260613104634.pdf -> case_001.txt | 9333 karakter
putusan_1013_k_pid.sus_2026_20260622195025.pdf -> case_002.txt | 9333 karakter
putusan_103_pid.sus_2025_pn_pts_20260622194809.pdf -> case_003.txt | 138199 karakter
putusan_1092_k_pid_2024_20260613154610.pdf -> case_004.txt | 8511 karakter
putusan_1153_pk_pid.sus_2024_20260613154739.pdf -> case_005.txt | 6185 karakter
putusan_1171_pk_pid.sus_2026_20260613104008.pdf -> case_006.txt | 6493 karakter
putusan_11809_k_pid.sus_2025_20260613154817.pdf -> case_007.txt | 9340 karakter
putusan_11815_k_pid.sus_2025_20260613154701.pdf -> case_008.txt | 8822 karakter
putusan_11_pk_pid.sus_2026_20260613154503.pdf -> case_009.txt | 8702 karakter
putusan_12069_k_pid.sus_2025_20260611114339.pdf -> case_010.txt | 8744 karakter
putusan_124_k_pid.sus_2026_20260613154316.pdf -> case_011.txt | 6098 karakter
putusan_126_pid.sus_2025_pn_tbk_20260622194645.pdf -> case_012.txt | 170242 karakter
putusan_1297_k_pid.sus_2026_20260611061052.pdf -> case_013.txt | 9279 karakter
putusan_1297_k_pid.sus_2026_20260622194509.pdf -> case_014.txt | 9279 karakter
putusan_137_pid.sus_2026_pt_tpg_20260622194032.pdf -> case_015.txt | 27321 karakter
putusan_151_k_pid.sus_2026_20260613154555.pdf -> case_016.txt | 7434 karakter
putusan_1656_k_pid.sus_2026_20260613104606.pdf -> case_017.txt | 7213 karakter
putusan_1656_k_pid.sus_2026_20260622194846.pdf -> case_018.txt | 7213 karakter
putusan_1683_k_pid.sus_2026_20260613104257.pdf -> case_019.txt | 8584 karakter
putusan_1683_k_pid.sus_2026_20260622194244.pdf -> case_020.txt | 8584 karakter
putusan_1684_k_pid.sus_2026_20260613104309.pdf -> case_021.txt | 7777 karakter
putusan_1684_k_pid.sus_2026_20260622194257.pdf -> case_022.txt | 7777 karakter
putusan_1752_k_pid.sus_2026_20260611022031.pdf -> case_023.txt | 8356 karakter
putusan_1752_k_pid.sus_2026_20260622193919.pdf -> case_024.txt | 8356 karakter
putusan_184_pid.sus_2026_pt_tpg_20260622193907.pdf -> case_025.txt | 86191 karakter
putusan_1930_k_pid.sus_2026_20260611022606.pdf -> case_026.txt | 7345 karakter
putusan_1930_k_pid.sus_2026_20260622193306.pdf -> case_027.txt | 7345 karakter
putusan_1935_k_pid.sus_2026_20260613104123.pdf -> case_028.txt | 7719 karakter
putusan_1936_k_pid.sus_2026_20260613104238.pdf -> case_029.txt | 6377 karakter
putusan_1936_k_pid.sus_2026_20260622194108.pdf -> case_030.txt | 6377 karakter
putusan_196_pid.sus_2026_pt_tpg_20260622193707.pdf -> case_031.txt | 12370 karakter
putusan_1998_k_pid.sus_2026_20260611030115.pdf -> case_032.txt | 10942 karakter
putusan_1998_k_pid.sus_2026_20260622193506.pdf -> case_033.txt | 10942 karakter
putusan_19_pid.sus_2026_pt_tjs_20260622195146.pdf -> case_034.txt | 88679 karakter
putusan_2000_k_pid.sus_2026_20260613104134.pdf -> case_035.txt | 27110 karakter
putusan_2014_k_pid.sus_2026_20260613104212.pdf -> case_036.txt | 7866 karakter
putusan_2014_k_pid.sus_2026_20260622193456.pdf -> case_037.txt | 7866 karakter
putusan_2028_k_pid.sus_2026_20260613104101.pdf -> case_038.txt | 9038 karakter
putusan_2052_k_pid.sus_2026_20260613103902.pdf -> case_039.txt | 7903 karakter
putusan_2191_k_pid_2025_20260613154626.pdf -> case_040.txt | 4732 karakter
putusan_2220_k_pid.sus_2026_20260613104048.pdf -> case_041.txt | 7069 karakter
putusan_225_pid.sus_2026_pt_tpg_20260622193855.pdf -> case_042.txt | 38020 karakter
putusan_22_pid.sus_2026_pn_bls_20260622194056.pdf -> case_043.txt | 100036 karakter
putusan_2410_k_pid.sus_2026_20260612112754.pdf -> case_044.txt | 7858 karakter
putusan_250_k_pid.sus_2026_20260613105042.pdf -> case_045.txt | 6087 karakter
putusan_253_k_pid.sus_2026_20260613104841.pdf -> case_046.txt | 9268 karakter
putusan_253_k_pid.sus_2026_20260622195325.pdf -> case_047.txt | 9268 karakter
putusan_255_k_pid.sus_2026_20260611113633.pdf -> case_048.txt | 28846 karakter
putusan_255_k_pid.sus_2026_20260622195401.pdf -> case_049.txt | 28846 karakter
putusan_260_k_pid.sus_2026_20260611231250.pdf -> case_050.txt | 8086 karakter
putusan_278_k_pid.sus_2026_20260613104917.pdf -> case_051.txt | 34794 karakter
putusan_278_k_pid.sus_2026_20260622195336.pdf -> case_052.txt | 34794 karakter
putusan_27_pid.sus_2026_pt_kpg_20260622194321.pdf -> case_053.txt | 85503 karakter
putusan_2854_k_pid.sus_2026_20260613104036.pdf -> case_054.txt | 6431 karakter
putusan_2_pid.sus_2026_pn_ttn_20260622194232.pdf -> case_055.txt | 132580 karakter
putusan_306_pk_pid.sus_2026_20260613104703.pdf -> case_056.txt | 10099 karakter
putusan_306_pk_pid.sus_2026_20260622195134.pdf -> case_057.txt | 10099 karakter
putusan_340_pid.sus_2025_pn_nnk_20260622194657.pdf -> case_058.txt | 45354 karakter
putusan_348_k_pid.sus_2026_20260613154521.pdf -> case_059.txt | 8827 karakter
putusan_356_pid.sus_2025_pn_blt_20260622195159.pdf -> case_060.txt | 142595 karakter
putusan_363_k_pid_2026_20260613104028.pdf -> case_061.txt | 9002 karakter
putusan_368_k_pid.sus_2026_20260611162401.pdf -> case_062.txt | 7104 karakter
putusan_381_k_pid_2026_20260613104206.pdf -> case_063.txt | 8290 karakter
putusan_381_k_pid_2026_20260622193434.pdf -> case_064.txt | 8290 karakter
putusan_389_k_pid.sus_2026_20260613104617.pdf -> case_065.txt | 5690 karakter
putusan_389_k_pid.sus_2026_20260622194858.pdf -> case_066.txt | 5690 karakter
putusan_39_k_pid.sus_2026_20260611220406.pdf -> case_067.txt | 7553 karakter
putusan_3_pid.sus_2026_pn_ttn_20260622194120.pdf -> case_068.txt | 162275 karakter
putusan_4132_k_pid.sus_2026_20260613104018.pdf -> case_069.txt | 5684 karakter
putusan_43_pid.sus_2025_pn_mrs_20260622193731.pdf -> case_070.txt | 158820 karakter
putusan_46_pid.sus_2026_pt_bbl_20260622193720.pdf -> case_071.txt | 50036 karakter
putusan_491_pid.sus_2026_pt_smg_20260622195030.pdf -> case_072.txt | 9959 karakter
putusan_492_pid.sus_2026_pt_smg_20260622194521.pdf -> case_073.txt | 14212 karakter
putusan_493_k_pid.sus_2026_20260613104805.pdf -> case_074.txt | 10585 karakter
putusan_493_k_pid.sus_2026_20260622195224.pdf -> case_075.txt | 10585 karakter
putusan_522_pid.sus_2026_pt_smg_20260622131344.pdf -> case_076.txt | 140727 karakter
putusan_528_pid.sus_2025_pn_dps_20260622195034.pdf -> case_077.txt | 104984 karakter
putusan_552_pid.sus_2026_pt_smg_20260622193445.pdf -> case_078.txt | 8585 karakter
putusan_55_pk_pid.sus_2026_20260613104736.pdf -> case_079.txt | 9965 karakter
putusan_55_pk_pid.sus_2026_20260622195211.pdf -> case_080.txt | 9965 karakter
putusan_572_k_pid.sus_2026_20260613154201.pdf -> case_081.txt | 7786 karakter
putusan_585_k_pid.sus_2026_20260613154056.pdf -> case_082.txt | 8447 karakter
putusan_598_k_pid.sus_2026_20260613104548.pdf -> case_083.txt | 7712 karakter
putusan_598_k_pid.sus_2026_20260622194822.pdf -> case_084.txt | 7712 karakter
putusan_636_pid.sus_2025_pn_jmb_20260622193606.pdf -> case_085.txt | 214868 karakter
putusan_637_pid.sus_2025_pn_jmb_20260622193531.pdf -> case_086.txt | 193597 karakter
putusan_643_pk_pid.sus_2026_20260613104315.pdf -> case_087.txt | 8048 karakter
putusan_643_pk_pid.sus_2026_20260622194446.pdf -> case_088.txt | 8048 karakter
putusan_651_pid.sus_2025_pn_jkt.tim_20260622194309.pdf -> case_089.txt | 106245 karakter
putusan_684_k_pid.sus_2026_20260611074432.pdf -> case_090.txt | 8904 karakter
putusan_684_k_pid.sus_2026_20260622194457.pdf -> case_091.txt | 8904 karakter
putusan_806_pk_pid.sus_2026_20260613104559.pdf -> case_092.txt | 6624 karakter
putusan_806_pk_pid.sus_2026_20260622194834.pdf -> case_093.txt | 6624 karakter
putusan_833_pid.sus_2026_pt_sby_20260622194045.pdf -> case_094.txt | 51375 karakter
putusan_868_pid.sus_2026_pt_sby_20260622193843.pdf -> case_095.txt | 43109 karakter
putusan_876_k_pid.sus_2026_20260613105005.pdf -> case_096.txt | 8950 karakter
putusan_889_pid.sus_2026_pt_sby_20260622085851.pdf -> case_097.txt | 11670 karakter
putusan_938_pid.sus_2025_pn_kis_20260622194447.pdf -> case_098.txt | 122305 karakter
putusan_98_pid.sus_2026_pn_mpw_20260622194636.pdf -> case_099.txt | 19271 karakter
putusan_9_pk_pid.sus_2026_20260613154119.pdf -> case_100.txt | 5716 karakter
